<?xml version="1.0" encoding="UTF-8"?>
<!-- Generated by org.testng.reporters.JUnitXMLReporter -->
<testsuite ignored="2" hostname="DESKTOP-EJDRMVG" failures="0" tests="1" name="Default test" time="238.616" errors="0" timestamp="2024-07-24T13:25:12 IST">
  <testcase classname="comcast.crm.orgtest.CreateOrganization_testNg" name="createOrganizationTest" time="57.029"/>
  <testcase classname="comcast.crm.orgtest.CreateOrganization_testNg" name="createOrgWithIndus" time="0.0">
    <ignored/>
  </testcase> <!-- createOrgWithIndus -->
  <testcase classname="comcast.crm.orgtest.CreateOrganization_testNg" name="createOrgWithPh" time="0.0">
    <ignored/>
  </testcase> <!-- createOrgWithPh -->
</testsuite> <!-- Default test -->
