<?xml version="1.0" encoding="UTF-8"?>
<testng-results ignored="2" total="3" passed="1" failed="0" skipped="0">
  <reporter-output>
  </reporter-output>
  <suite started-at="2024-07-24T13:21:13 IST" name="Default suite" finished-at="2024-07-24T13:25:12 IST" duration-ms="238616">
    <groups>
      <group name="smokeTest">
        <method signature="CreateOrganization_testNg.createOrganizationTest()[pri:0, instance:comcast.crm.orgtest.CreateOrganization_testNg@2a265ea9]" name="createOrganizationTest" class="comcast.crm.orgtest.CreateOrganization_testNg"/>
      </group> <!-- smokeTest -->
    </groups>
    <test started-at="2024-07-24T13:21:13 IST" name="Default test" finished-at="2024-07-24T13:25:12 IST" duration-ms="238616">
      <class name="comcast.crm.orgtest.CreateOrganization_testNg">
        <test-method is-config="true" signature="configBS()[pri:0, instance:comcast.crm.orgtest.CreateOrganization_testNg@2a265ea9]" started-at="2024-07-24T13:20:50 IST" name="configBS" finished-at="2024-07-24T13:21:08 IST" duration-ms="18561" status="PASS">
          <reporter-output>
          </reporter-output>
        </test-method> <!-- configBS -->
        <test-method is-config="true" signature="configBC()[pri:0, instance:comcast.crm.orgtest.CreateOrganization_testNg@2a265ea9]" started-at="2024-07-24T13:21:14 IST" name="configBC" finished-at="2024-07-24T13:21:47 IST" duration-ms="33346" status="PASS">
          <reporter-output>
          </reporter-output>
        </test-method> <!-- configBC -->
        <test-method is-config="true" signature="configBM()[pri:0, instance:comcast.crm.orgtest.CreateOrganization_testNg@2a265ea9]" started-at="2024-07-24T13:21:53 IST" name="configBM" finished-at="2024-07-24T13:22:12 IST" duration-ms="19090" status="PASS">
          <reporter-output>
          </reporter-output>
        </test-method> <!-- configBM -->
        <test-method signature="createOrganizationTest()[pri:0, instance:comcast.crm.orgtest.CreateOrganization_testNg@2a265ea9]" started-at="2024-07-24T13:22:25 IST" name="createOrganizationTest" finished-at="2024-07-24T13:23:22 IST" duration-ms="57029" status="PASS">
          <reporter-output>
          </reporter-output>
        </test-method> <!-- createOrganizationTest -->
        <test-method is-config="true" signature="configAM()[pri:0, instance:comcast.crm.orgtest.CreateOrganization_testNg@2a265ea9]" started-at="2024-07-24T13:23:32 IST" name="configAM" finished-at="2024-07-24T13:24:52 IST" duration-ms="79907" status="PASS">
          <reporter-output>
          </reporter-output>
        </test-method> <!-- configAM -->
        <test-method is-config="true" signature="configAC()[pri:0, instance:comcast.crm.orgtest.CreateOrganization_testNg@2a265ea9]" started-at="2024-07-24T13:25:07 IST" name="configAC" finished-at="2024-07-24T13:25:07 IST" duration-ms="471" status="PASS">
          <reporter-output>
          </reporter-output>
        </test-method> <!-- configAC -->
        <test-method is-config="true" signature="configAS()[pri:0, instance:comcast.crm.orgtest.CreateOrganization_testNg@2a265ea9]" started-at="2024-07-24T13:25:18 IST" name="configAS" finished-at="2024-07-24T13:25:19 IST" duration-ms="496" status="PASS">
          <reporter-output>
          </reporter-output>
        </test-method> <!-- configAS -->
      </class> <!-- comcast.crm.orgtest.CreateOrganization_testNg -->
    </test> <!-- Default test -->
  </suite> <!-- Default suite -->
</testng-results>
