<?xml version="1.0" encoding="UTF-8"?>
<!-- Generated by org.testng.reporters.JUnitXMLReporter -->
<testsuite ignored="0" hostname="DESKTOP-EJDRMVG" failures="0" tests="3" name="Test1" time="111.25" errors="0" timestamp="2024-07-23T15:44:30 IST">
  <testcase classname="comcast.crm.contacttest.CreateContactTest" name="createContactTest" time="28.296"/>
  <testcase classname="comcast.crm.contacttest.CreateContactTest" name="createContactWithOrgTest" time="36.38"/>
  <testcase classname="comcast.crm.contacttest.CreateContactTest" name="createContactWithSupportDateTest" time="17.173"/>
</testsuite> <!-- Test1 -->
