<?xml version="1.0" encoding="UTF-8"?>
<!-- Generated by org.testng.reporters.JUnitXMLReporter -->
<testsuite ignored="2" hostname="DESKTOP-EJDRMVG" failures="0" tests="4" name="TestRunner-Firefox" time="268.16" errors="0" timestamp="2024-07-17T18:20:06 IST">
  <testcase classname="comcast.crm.contacttest.CreateContactTest" name="createContactTest" time="52.959"/>
  <testcase classname="comcast.crm.contacttest.CreateContactTest" name="createContactWithOrgTest" time="58.852"/>
  <testcase classname="comcast.crm.contacttest.CreateContactTest" name="createContactWithSupportDateTest" time="29.327"/>
  <testcase classname="comcast.crm.orgtest.CreateOrganization_testNg" name="createOrganizationTest" time="31.315"/>
  <testcase classname="comcast.crm.baseclass.BaseClass" name="@AfterSuite configAS" time="0.0">
    <ignored/>
  </testcase> <!-- @AfterSuite configAS -->
  <testcase classname="comcast.crm.baseclass.BaseClass" name="@BeforeSuite configBS" time="0.0">
    <ignored/>
  </testcase> <!-- @BeforeSuite configBS -->
</testsuite> <!-- TestRunner-Firefox -->
