<?xml version="1.0" encoding="UTF-8"?>
<!-- Generated by org.testng.reporters.JUnitXMLReporter -->
<testsuite ignored="0" hostname="DESKTOP-EJDRMVG" failures="0" tests="3" name="Test2" time="96.596" errors="0" timestamp="2024-07-23T15:44:15 IST">
  <testcase classname="comcast.crm.orgtest.CreateOrganization_testNg" name="createOrgWithIndus" time="30.75"/>
  <testcase classname="comcast.crm.orgtest.CreateOrganization_testNg" name="createOrgWithPh" time="17.513"/>
  <testcase classname="comcast.crm.orgtest.CreateOrganization_testNg" name="createOrganizationTest" time="18.701"/>
</testsuite> <!-- Test2 -->
